<?xml version="1.0" encoding="UTF-8"?>
<testsuite xmlns:xsi="http://www.w3.org/2001/XMLSchema-instance" xsi:noNamespaceSchemaLocation="https://maven.apache.org/surefire/maven-surefire-plugin/xsd/surefire-test-report-3.0.xsd" version="3.0" name="br.com.fiap.EnergyMonitor.EnergyMonitorApplicationTests" time="34.109" tests="1" errors="0" skipped="0" failures="0">
  <properties>
    <property name="java.specification.version" value="21"/>
    <property name="sun.cpu.isalist" value="amd64"/>
    <property name="sun.jnu.encoding" value="Cp1252"/>
    <property name="java.class.path" value="C:\Users\USER\Documents\FIAP\2ยบ Ano\Fase 3\Projetos\energy-monitor\target\test-classes;C:\Users\USER\Documents\FIAP\2ยบ Ano\Fase 3\Projetos\energy-monitor\target\classes;C:\Users\USER\.m2\repository\org\springframework\boot\spring-boot-starter-data-jpa\3.3.11\spring-boot-starter-data-jpa-3.3.11.jar;C:\Users\USER\.m2\repository\org\springframework\boot\spring-boot-starter-aop\3.3.11\spring-boot-starter-aop-3.3.11.jar;C:\Users\USER\.m2\repository\org\aspectj\aspectjweaver\1.9.24\aspectjweaver-1.9.24.jar;C:\Users\USER\.m2\repository\org\springframework\boot\spring-boot-starter-jdbc\3.3.11\spring-boot-starter-jdbc-3.3.11.jar;C:\Users\USER\.m2\repository\com\zaxxer\HikariCP\5.1.0\HikariCP-5.1.0.jar;C:\Users\USER\.m2\repository\org\springframework\spring-jdbc\6.1.19\spring-jdbc-6.1.19.jar;C:\Users\USER\.m2\repository\org\hibernate\orm\hibernate-core\6.5.3.Final\hibernate-core-6.5.3.Final.jar;C:\Users\USER\.m2\repository\jakarta\persistence\jakarta.persistence-api\3.1.0\jakarta.persistence-api-3.1.0.jar;C:\Users\USER\.m2\repository\jakarta\transaction\jakarta.transaction-api\2.0.1\jakarta.transaction-api-2.0.1.jar;C:\Users\USER\.m2\repository\org\jboss\logging\jboss-logging\3.5.3.Final\jboss-logging-3.5.3.Final.jar;C:\Users\USER\.m2\repository\org\hibernate\common\hibernate-commons-annotations\6.0.6.Final\hibernate-commons-annotations-6.0.6.Final.jar;C:\Users\USER\.m2\repository\io\smallrye\jandex\3.1.2\jandex-3.1.2.jar;C:\Users\USER\.m2\repository\com\fasterxml\classmate\1.7.0\classmate-1.7.0.jar;C:\Users\USER\.m2\repository\net\bytebuddy\byte-buddy\1.14.19\byte-buddy-1.14.19.jar;C:\Users\USER\.m2\repository\org\glassfish\jaxb\jaxb-runtime\4.0.5\jaxb-runtime-4.0.5.jar;C:\Users\USER\.m2\repository\org\glassfish\jaxb\jaxb-core\4.0.5\jaxb-core-4.0.5.jar;C:\Users\USER\.m2\repository\org\eclipse\angus\angus-activation\2.0.2\angus-activation-2.0.2.jar;C:\Users\USER\.m2\repository\org\glassfish\jaxb\txw2\4.0.5\txw2-4.0.5.jar;C:\Users\USER\.m2\repository\com\sun\istack\istack-commons-runtime\4.1.2\istack-commons-runtime-4.1.2.jar;C:\Users\USER\.m2\repository\jakarta\inject\jakarta.inject-api\2.0.1\jakarta.inject-api-2.0.1.jar;C:\Users\USER\.m2\repository\org\antlr\antlr4-runtime\4.13.0\antlr4-runtime-4.13.0.jar;C:\Users\USER\.m2\repository\org\springframework\data\spring-data-jpa\3.3.11\spring-data-jpa-3.3.11.jar;C:\Users\USER\.m2\repository\org\springframework\data\spring-data-commons\3.3.11\spring-data-commons-3.3.11.jar;C:\Users\USER\.m2\repository\org\springframework\spring-orm\6.1.19\spring-orm-6.1.19.jar;C:\Users\USER\.m2\repository\org\springframework\spring-context\6.1.19\spring-context-6.1.19.jar;C:\Users\USER\.m2\repository\org\springframework\spring-tx\6.1.19\spring-tx-6.1.19.jar;C:\Users\USER\.m2\repository\org\springframework\spring-beans\6.1.19\spring-beans-6.1.19.jar;C:\Users\USER\.m2\repository\jakarta\annotation\jakarta.annotation-api\2.1.1\jakarta.annotation-api-2.1.1.jar;C:\Users\USER\.m2\repository\org\slf4j\slf4j-api\2.0.17\slf4j-api-2.0.17.jar;C:\Users\USER\.m2\repository\org\springframework\spring-aspects\6.1.19\spring-aspects-6.1.19.jar;C:\Users\USER\.m2\repository\org\springframework\boot\spring-boot-starter-validation\3.3.11\spring-boot-starter-validation-3.3.11.jar;C:\Users\USER\.m2\repository\org\springframework\boot\spring-boot-starter\3.3.11\spring-boot-starter-3.3.11.jar;C:\Users\USER\.m2\repository\org\springframework\boot\spring-boot\3.3.11\spring-boot-3.3.11.jar;C:\Users\USER\.m2\repository\org\springframework\boot\spring-boot-autoconfigure\3.3.11\spring-boot-autoconfigure-3.3.11.jar;C:\Users\USER\.m2\repository\org\springframework\boot\spring-boot-starter-logging\3.3.11\spring-boot-starter-logging-3.3.11.jar;C:\Users\USER\.m2\repository\ch\qos\logback\logback-classic\1.5.18\logback-classic-1.5.18.jar;C:\Users\USER\.m2\repository\ch\qos\logback\logback-core\1.5.18\logback-core-1.5.18.jar;C:\Users\USER\.m2\repository\org\apache\logging\log4j\log4j-to-slf4j\2.23.1\log4j-to-slf4j-2.23.1.jar;C:\Users\USER\.m2\repository\org\apache\logging\log4j\log4j-api\2.23.1\log4j-api-2.23.1.jar;C:\Users\USER\.m2\repository\org\slf4j\jul-to-slf4j\2.0.17\jul-to-slf4j-2.0.17.jar;C:\Users\USER\.m2\repository\org\yaml\snakeyaml\2.2\snakeyaml-2.2.jar;C:\Users\USER\.m2\repository\org\apache\tomcat\embed\tomcat-embed-el\10.1.40\tomcat-embed-el-10.1.40.jar;C:\Users\USER\.m2\repository\org\hibernate\validator\hibernate-validator\8.0.2.Final\hibernate-validator-8.0.2.Final.jar;C:\Users\USER\.m2\repository\jakarta\validation\jakarta.validation-api\3.0.2\jakarta.validation-api-3.0.2.jar;C:\Users\USER\.m2\repository\org\springframework\boot\spring-boot-starter-web\3.3.11\spring-boot-starter-web-3.3.11.jar;C:\Users\USER\.m2\repository\org\springframework\boot\spring-boot-starter-json\3.3.11\spring-boot-starter-json-3.3.11.jar;C:\Users\USER\.m2\repository\com\fasterxml\jackson\datatype\jackson-datatype-jdk8\2.17.3\jackson-datatype-jdk8-2.17.3.jar;C:\Users\USER\.m2\repository\com\fasterxml\jackson\datatype\jackson-datatype-jsr310\2.17.3\jackson-datatype-jsr310-2.17.3.jar;C:\Users\USER\.m2\repository\com\fasterxml\jackson\module\jackson-module-parameter-names\2.17.3\jackson-module-parameter-names-2.17.3.jar;C:\Users\USER\.m2\repository\org\springframework\boot\spring-boot-starter-tomcat\3.3.11\spring-boot-starter-tomcat-3.3.11.jar;C:\Users\USER\.m2\repository\org\apache\tomcat\embed\tomcat-embed-core\10.1.40\tomcat-embed-core-10.1.40.jar;C:\Users\USER\.m2\repository\org\apache\tomcat\embed\tomcat-embed-websocket\10.1.40\tomcat-embed-websocket-10.1.40.jar;C:\Users\USER\.m2\repository\org\springframework\spring-web\6.1.19\spring-web-6.1.19.jar;C:\Users\USER\.m2\repository\io\micrometer\micrometer-observation\1.13.13\micrometer-observation-1.13.13.jar;C:\Users\USER\.m2\repository\io\micrometer\micrometer-commons\1.13.13\micrometer-commons-1.13.13.jar;C:\Users\USER\.m2\repository\org\springframework\spring-webmvc\6.1.19\spring-webmvc-6.1.19.jar;C:\Users\USER\.m2\repository\org\springframework\spring-expression\6.1.19\spring-expression-6.1.19.jar;C:\Users\USER\.m2\repository\org\flywaydb\flyway-core\10.10.0\flyway-core-10.10.0.jar;C:\Users\USER\.m2\repository\com\fasterxml\jackson\dataformat\jackson-dataformat-toml\2.17.3\jackson-dataformat-toml-2.17.3.jar;C:\Users\USER\.m2\repository\com\fasterxml\jackson\core\jackson-core\2.17.3\jackson-core-2.17.3.jar;C:\Users\USER\.m2\repository\org\flywaydb\flyway-database-oracle\10.10.0\flyway-database-oracle-10.10.0.jar;C:\Users\USER\.m2\repository\com\oracle\database\jdbc\ojdbc11\21.9.0.0\ojdbc11-21.9.0.0.jar;C:\Users\USER\.m2\repository\org\springframework\boot\spring-boot-starter-test\3.3.11\spring-boot-starter-test-3.3.11.jar;C:\Users\USER\.m2\repository\org\springframework\boot\spring-boot-test\3.3.11\spring-boot-test-3.3.11.jar;C:\Users\USER\.m2\repository\org\springframework\boot\spring-boot-test-autoconfigure\3.3.11\spring-boot-test-autoconfigure-3.3.11.jar;C:\Users\USER\.m2\repository\com\jayway\jsonpath\json-path\2.9.0\json-path-2.9.0.jar;C:\Users\USER\.m2\repository\jakarta\xml\bind\jakarta.xml.bind-api\4.0.2\jakarta.xml.bind-api-4.0.2.jar;C:\Users\USER\.m2\repository\jakarta\activation\jakarta.activation-api\2.1.3\jakarta.activation-api-2.1.3.jar;C:\Users\USER\.m2\repository\net\minidev\json-smart\2.5.2\json-smart-2.5.2.jar;C:\Users\USER\.m2\repository\net\minidev\accessors-smart\2.5.2\accessors-smart-2.5.2.jar;C:\Users\USER\.m2\repository\org\ow2\asm\asm\9.7.1\asm-9.7.1.jar;C:\Users\USER\.m2\repository\org\assertj\assertj-core\3.25.3\assertj-core-3.25.3.jar;C:\Users\USER\.m2\repository\org\awaitility\awaitility\4.2.2\awaitility-4.2.2.jar;C:\Users\USER\.m2\repository\org\hamcrest\hamcrest\2.2\hamcrest-2.2.jar;C:\Users\USER\.m2\repository\org\junit\jupiter\junit-jupiter\5.10.5\junit-jupiter-5.10.5.jar;C:\Users\USER\.m2\repository\org\junit\jupiter\junit-jupiter-api\5.10.5\junit-jupiter-api-5.10.5.jar;C:\Users\USER\.m2\repository\org\opentest4j\opentest4j\1.3.0\opentest4j-1.3.0.jar;C:\Users\USER\.m2\repository\org\junit\platform\junit-platform-commons\1.10.5\junit-platform-commons-1.10.5.jar;C:\Users\USER\.m2\repository\org\junit\jupiter\junit-jupiter-params\5.10.5\junit-jupiter-params-5.10.5.jar;C:\Users\USER\.m2\repository\org\junit\jupiter\junit-jupiter-engine\5.10.5\junit-jupiter-engine-5.10.5.jar;C:\Users\USER\.m2\repository\org\junit\platform\junit-platform-engine\1.10.5\junit-platform-engine-1.10.5.jar;C:\Users\USER\.m2\repository\org\mockito\mockito-core\5.11.0\mockito-core-5.11.0.jar;C:\Users\USER\.m2\repository\net\bytebuddy\byte-buddy-agent\1.14.19\byte-buddy-agent-1.14.19.jar;C:\Users\USER\.m2\repository\org\objenesis\objenesis\3.3\objenesis-3.3.jar;C:\Users\USER\.m2\repository\org\mockito\mockito-junit-jupiter\5.11.0\mockito-junit-jupiter-5.11.0.jar;C:\Users\USER\.m2\repository\org\skyscreamer\jsonassert\1.5.3\jsonassert-1.5.3.jar;C:\Users\USER\.m2\repository\com\vaadin\external\google\android-json\0.0.20131108.vaadin1\android-json-0.0.20131108.vaadin1.jar;C:\Users\USER\.m2\repository\org\springframework\spring-core\6.1.19\spring-core-6.1.19.jar;C:\Users\USER\.m2\repository\org\springframework\spring-jcl\6.1.19\spring-jcl-6.1.19.jar;C:\Users\USER\.m2\repository\org\springframework\spring-test\6.1.19\spring-test-6.1.19.jar;C:\Users\USER\.m2\repository\org\xmlunit\xmlunit-core\2.9.1\xmlunit-core-2.9.1.jar;C:\Users\USER\.m2\repository\org\springframework\boot\spring-boot-starter-security\3.3.11\spring-boot-starter-security-3.3.11.jar;C:\Users\USER\.m2\repository\org\springframework\spring-aop\6.1.19\spring-aop-6.1.19.jar;C:\Users\USER\.m2\repository\org\springframework\security\spring-security-config\6.3.9\spring-security-config-6.3.9.jar;C:\Users\USER\.m2\repository\org\springframework\security\spring-security-core\6.3.9\spring-security-core-6.3.9.jar;C:\Users\USER\.m2\repository\org\springframework\security\spring-security-crypto\6.3.9\spring-security-crypto-6.3.9.jar;C:\Users\USER\.m2\repository\org\springframework\security\spring-security-web\6.3.9\spring-security-web-6.3.9.jar;C:\Users\USER\.m2\repository\org\projectlombok\lombok\1.18.34\lombok-1.18.34.jar;C:\Users\USER\.m2\repository\com\auth0\java-jwt\4.4.0\java-jwt-4.4.0.jar;C:\Users\USER\.m2\repository\com\fasterxml\jackson\core\jackson-databind\2.17.3\jackson-databind-2.17.3.jar;C:\Users\USER\.m2\repository\com\fasterxml\jackson\core\jackson-annotations\2.17.3\jackson-annotations-2.17.3.jar;C:\Users\USER\.m2\repository\io\cucumber\cucumber-java\7.18.1\cucumber-java-7.18.1.jar;C:\Users\USER\.m2\repository\io\cucumber\cucumber-core\7.18.1\cucumber-core-7.18.1.jar;C:\Users\USER\.m2\repository\io\cucumber\cucumber-gherkin\7.18.1\cucumber-gherkin-7.18.1.jar;C:\Users\USER\.m2\repository\io\cucumber\cucumber-gherkin-messages\7.18.1\cucumber-gherkin-messages-7.18.1.jar;C:\Users\USER\.m2\repository\io\cucumber\gherkin\28.0.0\gherkin-28.0.0.jar;C:\Users\USER\.m2\repository\io\cucumber\messages\24.1.0\messages-24.1.0.jar;C:\Users\USER\.m2\repository\io\cucumber\testng-xml-formatter\0.2.0\testng-xml-formatter-0.2.0.jar;C:\Users\USER\.m2\repository\io\cucumber\query\12.2.0\query-12.2.0.jar;C:\Users\USER\.m2\repository\io\cucumber\tag-expressions\6.1.0\tag-expressions-6.1.0.jar;C:\Users\USER\.m2\repository\io\cucumber\cucumber-expressions\17.1.0\cucumber-expressions-17.1.0.jar;C:\Users\USER\.m2\repository\io\cucumber\datatable\7.18.1\datatable-7.18.1.jar;C:\Users\USER\.m2\repository\io\cucumber\cucumber-plugin\7.18.1\cucumber-plugin-7.18.1.jar;C:\Users\USER\.m2\repository\io\cucumber\docstring\7.18.1\docstring-7.18.1.jar;C:\Users\USER\.m2\repository\io\cucumber\html-formatter\21.4.1\html-formatter-21.4.1.jar;C:\Users\USER\.m2\repository\io\cucumber\junit-xml-formatter\0.5.0\junit-xml-formatter-0.5.0.jar;C:\Users\USER\.m2\repository\io\cucumber\ci-environment\10.0.1\ci-environment-10.0.1.jar;C:\Users\USER\.m2\repository\org\apiguardian\apiguardian-api\1.1.2\apiguardian-api-1.1.2.jar;C:\Users\USER\.m2\repository\io\rest-assured\rest-assured\5.5.0\rest-assured-5.5.0.jar;C:\Users\USER\.m2\repository\org\apache\groovy\groovy\4.0.26\groovy-4.0.26.jar;C:\Users\USER\.m2\repository\org\apache\groovy\groovy-xml\4.0.26\groovy-xml-4.0.26.jar;C:\Users\USER\.m2\repository\org\apache\httpcomponents\httpclient\4.5.13\httpclient-4.5.13.jar;C:\Users\USER\.m2\repository\org\apache\httpcomponents\httpcore\4.4.16\httpcore-4.4.16.jar;C:\Users\USER\.m2\repository\commons-logging\commons-logging\1.2\commons-logging-1.2.jar;C:\Users\USER\.m2\repository\commons-codec\commons-codec\1.16.1\commons-codec-1.16.1.jar;C:\Users\USER\.m2\repository\org\apache\httpcomponents\httpmime\4.5.13\httpmime-4.5.13.jar;C:\Users\USER\.m2\repository\org\ccil\cowan\tagsoup\tagsoup\1.2.1\tagsoup-1.2.1.jar;C:\Users\USER\.m2\repository\io\rest-assured\json-path\5.4.0\json-path-5.4.0.jar;C:\Users\USER\.m2\repository\org\apache\groovy\groovy-json\4.0.26\groovy-json-4.0.26.jar;C:\Users\USER\.m2\repository\io\rest-assured\rest-assured-common\5.4.0\rest-assured-common-5.4.0.jar;C:\Users\USER\.m2\repository\io\rest-assured\xml-path\5.4.0\xml-path-5.4.0.jar;C:\Users\USER\.m2\repository\org\apache\commons\commons-lang3\3.14.0\commons-lang3-3.14.0.jar;C:\Users\USER\.m2\repository\com\google\code\gson\gson\2.11.0\gson-2.11.0.jar;C:\Users\USER\.m2\repository\com\google\errorprone\error_prone_annotations\2.27.0\error_prone_annotations-2.27.0.jar;C:\Users\USER\.m2\repository\io\cucumber\cucumber-junit\7.18.1\cucumber-junit-7.18.1.jar;C:\Users\USER\.m2\repository\junit\junit\4.13.2\junit-4.13.2.jar;C:\Users\USER\.m2\repository\org\hamcrest\hamcrest-core\2.2\hamcrest-core-2.2.jar;"/>
    <property name="java.vm.vendor" value="Eclipse Adoptium"/>
    <property name="sun.arch.data.model" value="64"/>
    <property name="user.variant" value=""/>
    <property name="java.vendor.url" value="https://adoptium.net/"/>
    <property name="user.timezone" value="America/Sao_Paulo"/>
    <property name="org.jboss.logging.provider" value="slf4j"/>
    <property name="os.name" value="Windows 10"/>
    <property name="java.vm.specification.version" value="21"/>
    <property name="sun.java.launcher" value="SUN_STANDARD"/>
    <property name="user.country" value="BR"/>
    <property name="sun.boot.library.path" value="C:\Users\USER\AppData\Local\Programs\Eclipse Adoptium\jdk-21.0.5.11-hotspot\bin"/>
    <property name="sun.java.command" value="C:\Users\USER\AppData\Local\Temp\surefire3504555749316128584\surefirebooter-20251022094915069_3.jar C:\Users\USER\AppData\Local\Temp\surefire3504555749316128584 2025-10-22T09-49-12_561-jvmRun1 surefire-20251022094915069_1tmp surefire_0-20251022094915069_2tmp"/>
    <property name="jdk.debug" value="release"/>
    <property name="surefire.test.class.path" value="C:\Users\USER\Documents\FIAP\2ยบ Ano\Fase 3\Projetos\energy-monitor\target\test-classes;C:\Users\USER\Documents\FIAP\2ยบ Ano\Fase 3\Projetos\energy-monitor\target\classes;C:\Users\USER\.m2\repository\org\springframework\boot\spring-boot-starter-data-jpa\3.3.11\spring-boot-starter-data-jpa-3.3.11.jar;C:\Users\USER\.m2\repository\org\springframework\boot\spring-boot-starter-aop\3.3.11\spring-boot-starter-aop-3.3.11.jar;C:\Users\USER\.m2\repository\org\aspectj\aspectjweaver\1.9.24\aspectjweaver-1.9.24.jar;C:\Users\USER\.m2\repository\org\springframework\boot\spring-boot-starter-jdbc\3.3.11\spring-boot-starter-jdbc-3.3.11.jar;C:\Users\USER\.m2\repository\com\zaxxer\HikariCP\5.1.0\HikariCP-5.1.0.jar;C:\Users\USER\.m2\repository\org\springframework\spring-jdbc\6.1.19\spring-jdbc-6.1.19.jar;C:\Users\USER\.m2\repository\org\hibernate\orm\hibernate-core\6.5.3.Final\hibernate-core-6.5.3.Final.jar;C:\Users\USER\.m2\repository\jakarta\persistence\jakarta.persistence-api\3.1.0\jakarta.persistence-api-3.1.0.jar;C:\Users\USER\.m2\repository\jakarta\transaction\jakarta.transaction-api\2.0.1\jakarta.transaction-api-2.0.1.jar;C:\Users\USER\.m2\repository\org\jboss\logging\jboss-logging\3.5.3.Final\jboss-logging-3.5.3.Final.jar;C:\Users\USER\.m2\repository\org\hibernate\common\hibernate-commons-annotations\6.0.6.Final\hibernate-commons-annotations-6.0.6.Final.jar;C:\Users\USER\.m2\repository\io\smallrye\jandex\3.1.2\jandex-3.1.2.jar;C:\Users\USER\.m2\repository\com\fasterxml\classmate\1.7.0\classmate-1.7.0.jar;C:\Users\USER\.m2\repository\net\bytebuddy\byte-buddy\1.14.19\byte-buddy-1.14.19.jar;C:\Users\USER\.m2\repository\org\glassfish\jaxb\jaxb-runtime\4.0.5\jaxb-runtime-4.0.5.jar;C:\Users\USER\.m2\repository\org\glassfish\jaxb\jaxb-core\4.0.5\jaxb-core-4.0.5.jar;C:\Users\USER\.m2\repository\org\eclipse\angus\angus-activation\2.0.2\angus-activation-2.0.2.jar;C:\Users\USER\.m2\repository\org\glassfish\jaxb\txw2\4.0.5\txw2-4.0.5.jar;C:\Users\USER\.m2\repository\com\sun\istack\istack-commons-runtime\4.1.2\istack-commons-runtime-4.1.2.jar;C:\Users\USER\.m2\repository\jakarta\inject\jakarta.inject-api\2.0.1\jakarta.inject-api-2.0.1.jar;C:\Users\USER\.m2\repository\org\antlr\antlr4-runtime\4.13.0\antlr4-runtime-4.13.0.jar;C:\Users\USER\.m2\repository\org\springframework\data\spring-data-jpa\3.3.11\spring-data-jpa-3.3.11.jar;C:\Users\USER\.m2\repository\org\springframework\data\spring-data-commons\3.3.11\spring-data-commons-3.3.11.jar;C:\Users\USER\.m2\repository\org\springframework\spring-orm\6.1.19\spring-orm-6.1.19.jar;C:\Users\USER\.m2\repository\org\springframework\spring-context\6.1.19\spring-context-6.1.19.jar;C:\Users\USER\.m2\repository\org\springframework\spring-tx\6.1.19\spring-tx-6.1.19.jar;C:\Users\USER\.m2\repository\org\springframework\spring-beans\6.1.19\spring-beans-6.1.19.jar;C:\Users\USER\.m2\repository\jakarta\annotation\jakarta.annotation-api\2.1.1\jakarta.annotation-api-2.1.1.jar;C:\Users\USER\.m2\repository\org\slf4j\slf4j-api\2.0.17\slf4j-api-2.0.17.jar;C:\Users\USER\.m2\repository\org\springframework\spring-aspects\6.1.19\spring-aspects-6.1.19.jar;C:\Users\USER\.m2\repository\org\springframework\boot\spring-boot-starter-validation\3.3.11\spring-boot-starter-validation-3.3.11.jar;C:\Users\USER\.m2\repository\org\springframework\boot\spring-boot-starter\3.3.11\spring-boot-starter-3.3.11.jar;C:\Users\USER\.m2\repository\org\springframework\boot\spring-boot\3.3.11\spring-boot-3.3.11.jar;C:\Users\USER\.m2\repository\org\springframework\boot\spring-boot-autoconfigure\3.3.11\spring-boot-autoconfigure-3.3.11.jar;C:\Users\USER\.m2\repository\org\springframework\boot\spring-boot-starter-logging\3.3.11\spring-boot-starter-logging-3.3.11.jar;C:\Users\USER\.m2\repository\ch\qos\logback\logback-classic\1.5.18\logback-classic-1.5.18.jar;C:\Users\USER\.m2\repository\ch\qos\logback\logback-core\1.5.18\logback-core-1.5.18.jar;C:\Users\USER\.m2\repository\org\apache\logging\log4j\log4j-to-slf4j\2.23.1\log4j-to-slf4j-2.23.1.jar;C:\Users\USER\.m2\repository\org\apache\logging\log4j\log4j-api\2.23.1\log4j-api-2.23.1.jar;C:\Users\USER\.m2\repository\org\slf4j\jul-to-slf4j\2.0.17\jul-to-slf4j-2.0.17.jar;C:\Users\USER\.m2\repository\org\yaml\snakeyaml\2.2\snakeyaml-2.2.jar;C:\Users\USER\.m2\repository\org\apache\tomcat\embed\tomcat-embed-el\10.1.40\tomcat-embed-el-10.1.40.jar;C:\Users\USER\.m2\repository\org\hibernate\validator\hibernate-validator\8.0.2.Final\hibernate-validator-8.0.2.Final.jar;C:\Users\USER\.m2\repository\jakarta\validation\jakarta.validation-api\3.0.2\jakarta.validation-api-3.0.2.jar;C:\Users\USER\.m2\repository\org\springframework\boot\spring-boot-starter-web\3.3.11\spring-boot-starter-web-3.3.11.jar;C:\Users\USER\.m2\repository\org\springframework\boot\spring-boot-starter-json\3.3.11\spring-boot-starter-json-3.3.11.jar;C:\Users\USER\.m2\repository\com\fasterxml\jackson\datatype\jackson-datatype-jdk8\2.17.3\jackson-datatype-jdk8-2.17.3.jar;C:\Users\USER\.m2\repository\com\fasterxml\jackson\datatype\jackson-datatype-jsr310\2.17.3\jackson-datatype-jsr310-2.17.3.jar;C:\Users\USER\.m2\repository\com\fasterxml\jackson\module\jackson-module-parameter-names\2.17.3\jackson-module-parameter-names-2.17.3.jar;C:\Users\USER\.m2\repository\org\springframework\boot\spring-boot-starter-tomcat\3.3.11\spring-boot-starter-tomcat-3.3.11.jar;C:\Users\USER\.m2\repository\org\apache\tomcat\embed\tomcat-embed-core\10.1.40\tomcat-embed-core-10.1.40.jar;C:\Users\USER\.m2\repository\org\apache\tomcat\embed\tomcat-embed-websocket\10.1.40\tomcat-embed-websocket-10.1.40.jar;C:\Users\USER\.m2\repository\org\springframework\spring-web\6.1.19\spring-web-6.1.19.jar;C:\Users\USER\.m2\repository\io\micrometer\micrometer-observation\1.13.13\micrometer-observation-1.13.13.jar;C:\Users\USER\.m2\repository\io\micrometer\micrometer-commons\1.13.13\micrometer-commons-1.13.13.jar;C:\Users\USER\.m2\repository\org\springframework\spring-webmvc\6.1.19\spring-webmvc-6.1.19.jar;C:\Users\USER\.m2\repository\org\springframework\spring-expression\6.1.19\spring-expression-6.1.19.jar;C:\Users\USER\.m2\repository\org\flywaydb\flyway-core\10.10.0\flyway-core-10.10.0.jar;C:\Users\USER\.m2\repository\com\fasterxml\jackson\dataformat\jackson-dataformat-toml\2.17.3\jackson-dataformat-toml-2.17.3.jar;C:\Users\USER\.m2\repository\com\fasterxml\jackson\core\jackson-core\2.17.3\jackson-core-2.17.3.jar;C:\Users\USER\.m2\repository\org\flywaydb\flyway-database-oracle\10.10.0\flyway-database-oracle-10.10.0.jar;C:\Users\USER\.m2\repository\com\oracle\database\jdbc\ojdbc11\21.9.0.0\ojdbc11-21.9.0.0.jar;C:\Users\USER\.m2\repository\org\springframework\boot\spring-boot-starter-test\3.3.11\spring-boot-starter-test-3.3.11.jar;C:\Users\USER\.m2\repository\org\springframework\boot\spring-boot-test\3.3.11\spring-boot-test-3.3.11.jar;C:\Users\USER\.m2\repository\org\springframework\boot\spring-boot-test-autoconfigure\3.3.11\spring-boot-test-autoconfigure-3.3.11.jar;C:\Users\USER\.m2\repository\com\jayway\jsonpath\json-path\2.9.0\json-path-2.9.0.jar;C:\Users\USER\.m2\repository\jakarta\xml\bind\jakarta.xml.bind-api\4.0.2\jakarta.xml.bind-api-4.0.2.jar;C:\Users\USER\.m2\repository\jakarta\activation\jakarta.activation-api\2.1.3\jakarta.activation-api-2.1.3.jar;C:\Users\USER\.m2\repository\net\minidev\json-smart\2.5.2\json-smart-2.5.2.jar;C:\Users\USER\.m2\repository\net\minidev\accessors-smart\2.5.2\accessors-smart-2.5.2.jar;C:\Users\USER\.m2\repository\org\ow2\asm\asm\9.7.1\asm-9.7.1.jar;C:\Users\USER\.m2\repository\org\assertj\assertj-core\3.25.3\assertj-core-3.25.3.jar;C:\Users\USER\.m2\repository\org\awaitility\awaitility\4.2.2\awaitility-4.2.2.jar;C:\Users\USER\.m2\repository\org\hamcrest\hamcrest\2.2\hamcrest-2.2.jar;C:\Users\USER\.m2\repository\org\junit\jupiter\junit-jupiter\5.10.5\junit-jupiter-5.10.5.jar;C:\Users\USER\.m2\repository\org\junit\jupiter\junit-jupiter-api\5.10.5\junit-jupiter-api-5.10.5.jar;C:\Users\USER\.m2\repository\org\opentest4j\opentest4j\1.3.0\opentest4j-1.3.0.jar;C:\Users\USER\.m2\repository\org\junit\platform\junit-platform-commons\1.10.5\junit-platform-commons-1.10.5.jar;C:\Users\USER\.m2\repository\org\junit\jupiter\junit-jupiter-params\5.10.5\junit-jupiter-params-5.10.5.jar;C:\Users\USER\.m2\repository\org\junit\jupiter\junit-jupiter-engine\5.10.5\junit-jupiter-engine-5.10.5.jar;C:\Users\USER\.m2\repository\org\junit\platform\junit-platform-engine\1.10.5\junit-platform-engine-1.10.5.jar;C:\Users\USER\.m2\repository\org\mockito\mockito-core\5.11.0\mockito-core-5.11.0.jar;C:\Users\USER\.m2\repository\net\bytebuddy\byte-buddy-agent\1.14.19\byte-buddy-agent-1.14.19.jar;C:\Users\USER\.m2\repository\org\objenesis\objenesis\3.3\objenesis-3.3.jar;C:\Users\USER\.m2\repository\org\mockito\mockito-junit-jupiter\5.11.0\mockito-junit-jupiter-5.11.0.jar;C:\Users\USER\.m2\repository\org\skyscreamer\jsonassert\1.5.3\jsonassert-1.5.3.jar;C:\Users\USER\.m2\repository\com\vaadin\external\google\android-json\0.0.20131108.vaadin1\android-json-0.0.20131108.vaadin1.jar;C:\Users\USER\.m2\repository\org\springframework\spring-core\6.1.19\spring-core-6.1.19.jar;C:\Users\USER\.m2\repository\org\springframework\spring-jcl\6.1.19\spring-jcl-6.1.19.jar;C:\Users\USER\.m2\repository\org\springframework\spring-test\6.1.19\spring-test-6.1.19.jar;C:\Users\USER\.m2\repository\org\xmlunit\xmlunit-core\2.9.1\xmlunit-core-2.9.1.jar;C:\Users\USER\.m2\repository\org\springframework\boot\spring-boot-starter-security\3.3.11\spring-boot-starter-security-3.3.11.jar;C:\Users\USER\.m2\repository\org\springframework\spring-aop\6.1.19\spring-aop-6.1.19.jar;C:\Users\USER\.m2\repository\org\springframework\security\spring-security-config\6.3.9\spring-security-config-6.3.9.jar;C:\Users\USER\.m2\repository\org\springframework\security\spring-security-core\6.3.9\spring-security-core-6.3.9.jar;C:\Users\USER\.m2\repository\org\springframework\security\spring-security-crypto\6.3.9\spring-security-crypto-6.3.9.jar;C:\Users\USER\.m2\repository\org\springframework\security\spring-security-web\6.3.9\spring-security-web-6.3.9.jar;C:\Users\USER\.m2\repository\org\projectlombok\lombok\1.18.34\lombok-1.18.34.jar;C:\Users\USER\.m2\repository\com\auth0\java-jwt\4.4.0\java-jwt-4.4.0.jar;C:\Users\USER\.m2\repository\com\fasterxml\jackson\core\jackson-databind\2.17.3\jackson-databind-2.17.3.jar;C:\Users\USER\.m2\repository\com\fasterxml\jackson\core\jackson-annotations\2.17.3\jackson-annotations-2.17.3.jar;C:\Users\USER\.m2\repository\io\cucumber\cucumber-java\7.18.1\cucumber-java-7.18.1.jar;C:\Users\USER\.m2\repository\io\cucumber\cucumber-core\7.18.1\cucumber-core-7.18.1.jar;C:\Users\USER\.m2\repository\io\cucumber\cucumber-gherkin\7.18.1\cucumber-gherkin-7.18.1.jar;C:\Users\USER\.m2\repository\io\cucumber\cucumber-gherkin-messages\7.18.1\cucumber-gherkin-messages-7.18.1.jar;C:\Users\USER\.m2\repository\io\cucumber\gherkin\28.0.0\gherkin-28.0.0.jar;C:\Users\USER\.m2\repository\io\cucumber\messages\24.1.0\messages-24.1.0.jar;C:\Users\USER\.m2\repository\io\cucumber\testng-xml-formatter\0.2.0\testng-xml-formatter-0.2.0.jar;C:\Users\USER\.m2\repository\io\cucumber\query\12.2.0\query-12.2.0.jar;C:\Users\USER\.m2\repository\io\cucumber\tag-expressions\6.1.0\tag-expressions-6.1.0.jar;C:\Users\USER\.m2\repository\io\cucumber\cucumber-expressions\17.1.0\cucumber-expressions-17.1.0.jar;C:\Users\USER\.m2\repository\io\cucumber\datatable\7.18.1\datatable-7.18.1.jar;C:\Users\USER\.m2\repository\io\cucumber\cucumber-plugin\7.18.1\cucumber-plugin-7.18.1.jar;C:\Users\USER\.m2\repository\io\cucumber\docstring\7.18.1\docstring-7.18.1.jar;C:\Users\USER\.m2\repository\io\cucumber\html-formatter\21.4.1\html-formatter-21.4.1.jar;C:\Users\USER\.m2\repository\io\cucumber\junit-xml-formatter\0.5.0\junit-xml-formatter-0.5.0.jar;C:\Users\USER\.m2\repository\io\cucumber\ci-environment\10.0.1\ci-environment-10.0.1.jar;C:\Users\USER\.m2\repository\org\apiguardian\apiguardian-api\1.1.2\apiguardian-api-1.1.2.jar;C:\Users\USER\.m2\repository\io\rest-assured\rest-assured\5.5.0\rest-assured-5.5.0.jar;C:\Users\USER\.m2\repository\org\apache\groovy\groovy\4.0.26\groovy-4.0.26.jar;C:\Users\USER\.m2\repository\org\apache\groovy\groovy-xml\4.0.26\groovy-xml-4.0.26.jar;C:\Users\USER\.m2\repository\org\apache\httpcomponents\httpclient\4.5.13\httpclient-4.5.13.jar;C:\Users\USER\.m2\repository\org\apache\httpcomponents\httpcore\4.4.16\httpcore-4.4.16.jar;C:\Users\USER\.m2\repository\commons-logging\commons-logging\1.2\commons-logging-1.2.jar;C:\Users\USER\.m2\repository\commons-codec\commons-codec\1.16.1\commons-codec-1.16.1.jar;C:\Users\USER\.m2\repository\org\apache\httpcomponents\httpmime\4.5.13\httpmime-4.5.13.jar;C:\Users\USER\.m2\repository\org\ccil\cowan\tagsoup\tagsoup\1.2.1\tagsoup-1.2.1.jar;C:\Users\USER\.m2\repository\io\rest-assured\json-path\5.4.0\json-path-5.4.0.jar;C:\Users\USER\.m2\repository\org\apache\groovy\groovy-json\4.0.26\groovy-json-4.0.26.jar;C:\Users\USER\.m2\repository\io\rest-assured\rest-assured-common\5.4.0\rest-assured-common-5.4.0.jar;C:\Users\USER\.m2\repository\io\rest-assured\xml-path\5.4.0\xml-path-5.4.0.jar;C:\Users\USER\.m2\repository\org\apache\commons\commons-lang3\3.14.0\commons-lang3-3.14.0.jar;C:\Users\USER\.m2\repository\com\google\code\gson\gson\2.11.0\gson-2.11.0.jar;C:\Users\USER\.m2\repository\com\google\errorprone\error_prone_annotations\2.27.0\error_prone_annotations-2.27.0.jar;C:\Users\USER\.m2\repository\io\cucumber\cucumber-junit\7.18.1\cucumber-junit-7.18.1.jar;C:\Users\USER\.m2\repository\junit\junit\4.13.2\junit-4.13.2.jar;C:\Users\USER\.m2\repository\org\hamcrest\hamcrest-core\2.2\hamcrest-core-2.2.jar;"/>
    <property name="sun.cpu.endian" value="little"/>
    <property name="user.home" value="C:\Users\USER"/>
    <property name="user.language" value="pt"/>
    <property name="java.specification.vendor" value="Oracle Corporation"/>
    <property name="java.version.date" value="2024-10-15"/>
    <property name="java.home" value="C:\Users\USER\AppData\Local\Programs\Eclipse Adoptium\jdk-21.0.5.11-hotspot"/>
    <property name="file.separator" value="\"/>
    <property name="basedir" value="C:\Users\USER\Documents\FIAP\2ยบ Ano\Fase 3\Projetos\energy-monitor"/>
    <property name="java.vm.compressedOopsMode" value="Zero based"/>
    <property name="line.separator" value="&#10;"/>
    <property name="java.vm.specification.vendor" value="Oracle Corporation"/>
    <property name="java.specification.name" value="Java Platform API Specification"/>
    <property name="FILE_LOG_CHARSET" value="UTF-8"/>
    <property name="java.awt.headless" value="true"/>
    <property name="surefire.real.class.path" value="C:\Users\USER\AppData\Local\Temp\surefire3504555749316128584\surefirebooter-20251022094915069_3.jar"/>
    <property name="user.script" value=""/>
    <property name="sun.management.compiler" value="HotSpot 64-Bit Tiered Compilers"/>
    <property name="java.runtime.version" value="21.0.5+11-LTS"/>
    <property name="user.name" value="USER"/>
    <property name="stdout.encoding" value="Cp1252"/>
    <property name="path.separator" value=";"/>
    <property name="os.version" value="10.0"/>
    <property name="java.runtime.name" value="OpenJDK Runtime Environment"/>
    <property name="file.encoding" value="UTF-8"/>
    <property name="java.vm.name" value="OpenJDK 64-Bit Server VM"/>
    <property name="java.vendor.version" value="Temurin-21.0.5+11"/>
    <property name="localRepository" value="C:\Users\USER\.m2\repository"/>
    <property name="java.vendor.url.bug" value="https://github.com/adoptium/adoptium-support/issues"/>
    <property name="java.io.tmpdir" value="C:\Users\USER\AppData\Local\Temp\"/>
    <property name="com.zaxxer.hikari.pool_number" value="1"/>
    <property name="java.version" value="21.0.5"/>
    <property name="user.dir" value="C:\Users\USER\Documents\FIAP\2ยบ Ano\Fase 3\Projetos\energy-monitor"/>
    <property name="os.arch" value="amd64"/>
    <property name="java.vm.specification.name" value="Java Virtual Machine Specification"/>
    <property name="PID" value="10984"/>
    <property name="sun.os.patch.level" value=""/>
    <property name="CONSOLE_LOG_CHARSET" value="UTF-8"/>
    <property name="native.encoding" value="Cp1252"/>
    <property name="java.library.path" value="C:\Users\USER\AppData\Local\Programs\Eclipse Adoptium\jdk-21.0.5.11-hotspot\bin;C:\Windows\Sun\Java\bin;C:\Windows\system32;C:\Windows;C:\Program Files\OpenLogic\jdk-8.0.432.06-hotspot\bin;C:\Program Files\Common Files\Oracle\Java\javapath;C:\Program Files (x86)\Common Files\Oracle\Java\java8path;C:\Program Files (x86)\Common Files\Oracle\Java\javapath;C:\Program Files (x86)\Common Files\Intel\Shared Libraries\redist\intel64\compiler;C:\Windows\system32;C:\Windows;C:\Windows\System32\Wbem;C:\Windows\System32\WindowsPowerShell\v1.0\;C:\Windows\System32\OpenSSH\;C:\Program Files (x86)\NVIDIA Corporation\PhysX\Common;C:\Program Files\dotnet\;C:\Program Files\Microsoft SQL Server\120\Tools\Binn\;C:\Program Files\NVIDIA Corporation\NVIDIA NvDLISR;C:\Program Files\Git LFS;C:\HaxeToolkit\hashlink-1.13.0-win;C:\ProgramData\chocolatey\bin;C:\Program Files\nodejs\;C:\HaxeToolkit\haxe;C:\HaxeToolkit\neko;C:\Users\USER\Downloads\Programas\hashlink-1.14.0-win;find;C:\Users\USER\Downloads\Programas\apache-maven-3.9.9\bin;C:\Program Files\Microsoft SQL Server\150\Tools\Binn\;C:\Program Files\Microsoft SQL Server\Client SDK\ODBC\170\Tools\Binn\;C:\Program Files\Git\cmd;C:\Program Files\Docker\Docker\resources\bin;C:\MinGW\bin;C:\Users\USER\AppData\Local\Programs\Python\Python314\Scripts\;C:\Users\USER\AppData\Local\Programs\Python\Python314\;C:\Program Files\MySQL\MySQL Shell 8.0\bin\;C:\Users\USER\Documents\flutter\bin\cache\dart-sdk\bin;C:\Users\USER\AppData\Local\Programs\Eclipse Adoptium\jdk-21.0.5.11-hotspot\bin;C:\Program Files\nodejs;C:\Users\USER\AppData\Local\Programs\Microsoft VS Code\bin;C:\Users\USER\AppData\Local\Programs\Python\Python311\Scripts&apos;;C:\Users\USER\AppData\Roaming\npm;C:\tools\dart-sdk\bin;C:\Users\USER\AppData\Local\Pub\Cache\bin;C:\Users\USER\Documents\flutter\bin;C:\Users\USER\.dotnet\tools;C:\xampp\php;C:\Users\USER\AppData\Local\Python\bin;."/>
    <property name="java.vm.info" value="mixed mode, sharing"/>
    <property name="stderr.encoding" value="Cp1252"/>
    <property name="java.vendor" value="Eclipse Adoptium"/>
    <property name="java.vm.version" value="21.0.5+11-LTS"/>
    <property name="sun.io.unicode.encoding" value="UnicodeLittle"/>
    <property name="java.class.version" value="65.0"/>
    <property name="LOGGED_APPLICATION_NAME" value="[EnergyMonitor] "/>
  </properties>
  <testcase name="contextLoads" classname="br.com.fiap.EnergyMonitor.EnergyMonitorApplicationTests" time="2.595">
    <system-out><![CDATA[09:49:17.795 [main] INFO org.springframework.test.context.support.AnnotationConfigContextLoaderUtils -- Could not detect default configuration classes for test class [br.com.fiap.EnergyMonitor.EnergyMonitorApplicationTests]: EnergyMonitorApplicationTests does not declare any static, non-private, non-final, nested classes annotated with @Configuration.
09:49:19.569 [main] INFO org.springframework.boot.test.context.SpringBootTestContextBootstrapper -- Found @SpringBootConfiguration br.com.fiap.EnergyMonitor.EnergyMonitorApplication for test class br.com.fiap.EnergyMonitor.EnergyMonitorApplicationTests

  .   ____          _            __ _ _
 /\\ / ___'_ __ _ _(_)_ __  __ _ \ \ \ \
( ( )\___ | '_ | '_| | '_ \/ _` | \ \ \ \
 \\/  ___)| |_)| | | | | || (_| |  ) ) ) )
  '  |____| .__|_| |_|_| |_\__, | / / / /
 =========|_|==============|___/=/_/_/_/

 :: Spring Boot ::               (v3.3.11)

2025-10-22T09:49:21.190-03:00  INFO 10984 --- [EnergyMonitor] [           main] b.c.f.E.EnergyMonitorApplicationTests    : Starting EnergyMonitorApplicationTests using Java 21.0.5 with PID 10984 (started by USER in C:\Users\USER\Documents\FIAP\2ยบ Ano\Fase 3\Projetos\energy-monitor)
2025-10-22T09:49:21.192-03:00  INFO 10984 --- [EnergyMonitor] [           main] b.c.f.E.EnergyMonitorApplicationTests    : No active profile set, falling back to 1 default profile: "default"
2025-10-22T09:49:24.288-03:00  INFO 10984 --- [EnergyMonitor] [           main] .s.d.r.c.RepositoryConfigurationDelegate : Bootstrapping Spring Data JPA repositories in DEFAULT mode.
2025-10-22T09:49:24.517-03:00  INFO 10984 --- [EnergyMonitor] [           main] .s.d.r.c.RepositoryConfigurationDelegate : Finished Spring Data repository scanning in 213 ms. Found 4 JPA repository interfaces.
2025-10-22T09:49:27.438-03:00  INFO 10984 --- [EnergyMonitor] [           main] com.zaxxer.hikari.HikariDataSource       : HikariPool-1 - Starting...
2025-10-22T09:49:28.737-03:00  INFO 10984 --- [EnergyMonitor] [           main] com.zaxxer.hikari.pool.HikariPool        : HikariPool-1 - Added connection oracle.jdbc.driver.T4CConnection@7e2c6702
2025-10-22T09:49:28.740-03:00  INFO 10984 --- [EnergyMonitor] [           main] com.zaxxer.hikari.HikariDataSource       : HikariPool-1 - Start completed.
2025-10-22T09:49:28.763-03:00  INFO 10984 --- [EnergyMonitor] [           main] org.flywaydb.core.FlywayExecutor         : Database: jdbc:oracle:thin:@oracle.fiap.com.br:1521:ORCL (Oracle 19.0)
2025-10-22T09:49:29.342-03:00  INFO 10984 --- [EnergyMonitor] [           main] o.f.core.internal.command.DbValidate     : Successfully validated 4 migrations (execution time 00:00.076s)
2025-10-22T09:49:29.475-03:00  INFO 10984 --- [EnergyMonitor] [           main] o.f.core.internal.command.DbMigrate      : Current version of schema "RM556345": 4
2025-10-22T09:49:29.476-03:00  WARN 10984 --- [EnergyMonitor] [           main] o.f.core.internal.command.DbMigrate      : Schema "RM556345" has a version (4) that is newer than the latest available migration (1) !
2025-10-22T09:49:29.532-03:00  INFO 10984 --- [EnergyMonitor] [           main] o.f.core.internal.command.DbMigrate      : Schema "RM556345" is up to date. No migration necessary.
2025-10-22T09:49:29.861-03:00  INFO 10984 --- [EnergyMonitor] [           main] o.hibernate.jpa.internal.util.LogHelper  : HHH000204: Processing PersistenceUnitInfo [name: default]
2025-10-22T09:49:30.180-03:00  INFO 10984 --- [EnergyMonitor] [           main] org.hibernate.Version                    : HHH000412: Hibernate ORM core version 6.5.3.Final
2025-10-22T09:49:30.584-03:00  INFO 10984 --- [EnergyMonitor] [           main] o.h.c.internal.RegionFactoryInitiator    : HHH000026: Second-level cache disabled
2025-10-22T09:49:31.692-03:00  INFO 10984 --- [EnergyMonitor] [           main] o.s.o.j.p.SpringPersistenceUnitInfo      : No LoadTimeWeaver setup: ignoring JPA class transformer
2025-10-22T09:49:33.991-03:00  INFO 10984 --- [EnergyMonitor] [           main] o.h.e.t.j.p.i.JtaPlatformInitiator       : HHH000489: No JTA platform available (set 'hibernate.transaction.jta.platform' to enable JTA platform integration)
2025-10-22T09:49:45.383-03:00  INFO 10984 --- [EnergyMonitor] [           main] j.LocalContainerEntityManagerFactoryBean : Initialized JPA EntityManagerFactory for persistence unit 'default'
2025-10-22T09:49:46.093-03:00  INFO 10984 --- [EnergyMonitor] [           main] r$InitializeUserDetailsManagerConfigurer : Global AuthenticationManager configured with UserDetailsService bean with name authorizationService
2025-10-22T09:49:46.277-03:00  WARN 10984 --- [EnergyMonitor] [           main] JpaBaseConfiguration$JpaWebConfiguration : spring.jpa.open-in-view is enabled by default. Therefore, database queries may be performed during view rendering. Explicitly configure spring.jpa.open-in-view to disable this warning
2025-10-22T09:49:47.904-03:00  INFO 10984 --- [EnergyMonitor] [           main] b.c.f.E.EnergyMonitorApplicationTests    : Started EnergyMonitorApplicationTests in 27.997 seconds (process running for 32.659)
]]></system-out>
    <system-err><![CDATA[WARNING: A Java agent has been loaded dynamically (C:\Users\USER\.m2\repository\net\bytebuddy\byte-buddy-agent\1.14.19\byte-buddy-agent-1.14.19.jar)
WARNING: If a serviceability tool is in use, please run with -XX:+EnableDynamicAgentLoading to hide this warning
WARNING: If a serviceability tool is not in use, please run with -Djdk.instrument.traceUsage for more information
WARNING: Dynamic loading of agents will be disallowed by default in a future release
]]></system-err>
  </testcase>
</testsuite>