<?xml version="1.0" encoding="UTF-8"?>
<testsuite xmlns:xsi="http://www.w3.org/2001/XMLSchema-instance" xsi:noNamespaceSchemaLocation="https://maven.apache.org/surefire/maven-surefire-plugin/xsd/surefire-test-report-3.0.xsd" version="3.0" name="br.com.fiap.EnergyMonitor.EnergyMonitorApplicationTests" time="30.921" tests="1" errors="0" skipped="0" failures="0">
  <properties>
    <property name="java.specification.version" value="24"/>
    <property name="sun.cpu.isalist" value="amd64"/>
    <property name="sun.jnu.encoding" value="Cp1252"/>
    <property name="java.class.path" value="C:\Users\barba\OneDrive\Documents\GitHub\energy-monitor\target\test-classes;C:\Users\barba\OneDrive\Documents\GitHub\energy-monitor\target\classes;C:\Users\barba\.m2\repository\org\springframework\boot\spring-boot-starter-data-jpa\3.3.11\spring-boot-starter-data-jpa-3.3.11.jar;C:\Users\barba\.m2\repository\org\springframework\boot\spring-boot-starter-aop\3.3.11\spring-boot-starter-aop-3.3.11.jar;C:\Users\barba\.m2\repository\org\aspectj\aspectjweaver\1.9.24\aspectjweaver-1.9.24.jar;C:\Users\barba\.m2\repository\org\springframework\boot\spring-boot-starter-jdbc\3.3.11\spring-boot-starter-jdbc-3.3.11.jar;C:\Users\barba\.m2\repository\com\zaxxer\HikariCP\5.1.0\HikariCP-5.1.0.jar;C:\Users\barba\.m2\repository\org\springframework\spring-jdbc\6.1.19\spring-jdbc-6.1.19.jar;C:\Users\barba\.m2\repository\org\hibernate\orm\hibernate-core\6.5.3.Final\hibernate-core-6.5.3.Final.jar;C:\Users\barba\.m2\repository\jakarta\persistence\jakarta.persistence-api\3.1.0\jakarta.persistence-api-3.1.0.jar;C:\Users\barba\.m2\repository\jakarta\transaction\jakarta.transaction-api\2.0.1\jakarta.transaction-api-2.0.1.jar;C:\Users\barba\.m2\repository\org\jboss\logging\jboss-logging\3.5.3.Final\jboss-logging-3.5.3.Final.jar;C:\Users\barba\.m2\repository\org\hibernate\common\hibernate-commons-annotations\6.0.6.Final\hibernate-commons-annotations-6.0.6.Final.jar;C:\Users\barba\.m2\repository\io\smallrye\jandex\3.1.2\jandex-3.1.2.jar;C:\Users\barba\.m2\repository\com\fasterxml\classmate\1.7.0\classmate-1.7.0.jar;C:\Users\barba\.m2\repository\net\bytebuddy\byte-buddy\1.14.19\byte-buddy-1.14.19.jar;C:\Users\barba\.m2\repository\org\glassfish\jaxb\jaxb-runtime\4.0.5\jaxb-runtime-4.0.5.jar;C:\Users\barba\.m2\repository\org\glassfish\jaxb\jaxb-core\4.0.5\jaxb-core-4.0.5.jar;C:\Users\barba\.m2\repository\org\eclipse\angus\angus-activation\2.0.2\angus-activation-2.0.2.jar;C:\Users\barba\.m2\repository\org\glassfish\jaxb\txw2\4.0.5\txw2-4.0.5.jar;C:\Users\barba\.m2\repository\com\sun\istack\istack-commons-runtime\4.1.2\istack-commons-runtime-4.1.2.jar;C:\Users\barba\.m2\repository\jakarta\inject\jakarta.inject-api\2.0.1\jakarta.inject-api-2.0.1.jar;C:\Users\barba\.m2\repository\org\antlr\antlr4-runtime\4.13.0\antlr4-runtime-4.13.0.jar;C:\Users\barba\.m2\repository\org\springframework\data\spring-data-jpa\3.3.11\spring-data-jpa-3.3.11.jar;C:\Users\barba\.m2\repository\org\springframework\data\spring-data-commons\3.3.11\spring-data-commons-3.3.11.jar;C:\Users\barba\.m2\repository\org\springframework\spring-orm\6.1.19\spring-orm-6.1.19.jar;C:\Users\barba\.m2\repository\org\springframework\spring-context\6.1.19\spring-context-6.1.19.jar;C:\Users\barba\.m2\repository\org\springframework\spring-tx\6.1.19\spring-tx-6.1.19.jar;C:\Users\barba\.m2\repository\org\springframework\spring-beans\6.1.19\spring-beans-6.1.19.jar;C:\Users\barba\.m2\repository\jakarta\annotation\jakarta.annotation-api\2.1.1\jakarta.annotation-api-2.1.1.jar;C:\Users\barba\.m2\repository\org\slf4j\slf4j-api\2.0.17\slf4j-api-2.0.17.jar;C:\Users\barba\.m2\repository\org\springframework\spring-aspects\6.1.19\spring-aspects-6.1.19.jar;C:\Users\barba\.m2\repository\org\springframework\boot\spring-boot-starter-validation\3.3.11\spring-boot-starter-validation-3.3.11.jar;C:\Users\barba\.m2\repository\org\springframework\boot\spring-boot-starter\3.3.11\spring-boot-starter-3.3.11.jar;C:\Users\barba\.m2\repository\org\springframework\boot\spring-boot\3.3.11\spring-boot-3.3.11.jar;C:\Users\barba\.m2\repository\org\springframework\boot\spring-boot-autoconfigure\3.3.11\spring-boot-autoconfigure-3.3.11.jar;C:\Users\barba\.m2\repository\org\springframework\boot\spring-boot-starter-logging\3.3.11\spring-boot-starter-logging-3.3.11.jar;C:\Users\barba\.m2\repository\ch\qos\logback\logback-classic\1.5.18\logback-classic-1.5.18.jar;C:\Users\barba\.m2\repository\ch\qos\logback\logback-core\1.5.18\logback-core-1.5.18.jar;C:\Users\barba\.m2\repository\org\apache\logging\log4j\log4j-to-slf4j\2.23.1\log4j-to-slf4j-2.23.1.jar;C:\Users\barba\.m2\repository\org\apache\logging\log4j\log4j-api\2.23.1\log4j-api-2.23.1.jar;C:\Users\barba\.m2\repository\org\slf4j\jul-to-slf4j\2.0.17\jul-to-slf4j-2.0.17.jar;C:\Users\barba\.m2\repository\org\yaml\snakeyaml\2.2\snakeyaml-2.2.jar;C:\Users\barba\.m2\repository\org\apache\tomcat\embed\tomcat-embed-el\10.1.40\tomcat-embed-el-10.1.40.jar;C:\Users\barba\.m2\repository\org\hibernate\validator\hibernate-validator\8.0.2.Final\hibernate-validator-8.0.2.Final.jar;C:\Users\barba\.m2\repository\jakarta\validation\jakarta.validation-api\3.0.2\jakarta.validation-api-3.0.2.jar;C:\Users\barba\.m2\repository\org\springframework\boot\spring-boot-starter-web\3.3.11\spring-boot-starter-web-3.3.11.jar;C:\Users\barba\.m2\repository\org\springframework\boot\spring-boot-starter-json\3.3.11\spring-boot-starter-json-3.3.11.jar;C:\Users\barba\.m2\repository\com\fasterxml\jackson\datatype\jackson-datatype-jdk8\2.17.3\jackson-datatype-jdk8-2.17.3.jar;C:\Users\barba\.m2\repository\com\fasterxml\jackson\datatype\jackson-datatype-jsr310\2.17.3\jackson-datatype-jsr310-2.17.3.jar;C:\Users\barba\.m2\repository\com\fasterxml\jackson\module\jackson-module-parameter-names\2.17.3\jackson-module-parameter-names-2.17.3.jar;C:\Users\barba\.m2\repository\org\springframework\boot\spring-boot-starter-tomcat\3.3.11\spring-boot-starter-tomcat-3.3.11.jar;C:\Users\barba\.m2\repository\org\apache\tomcat\embed\tomcat-embed-core\10.1.40\tomcat-embed-core-10.1.40.jar;C:\Users\barba\.m2\repository\org\apache\tomcat\embed\tomcat-embed-websocket\10.1.40\tomcat-embed-websocket-10.1.40.jar;C:\Users\barba\.m2\repository\org\springframework\spring-web\6.1.19\spring-web-6.1.19.jar;C:\Users\barba\.m2\repository\io\micrometer\micrometer-observation\1.13.13\micrometer-observation-1.13.13.jar;C:\Users\barba\.m2\repository\io\micrometer\micrometer-commons\1.13.13\micrometer-commons-1.13.13.jar;C:\Users\barba\.m2\repository\org\springframework\spring-webmvc\6.1.19\spring-webmvc-6.1.19.jar;C:\Users\barba\.m2\repository\org\springframework\spring-expression\6.1.19\spring-expression-6.1.19.jar;C:\Users\barba\.m2\repository\org\flywaydb\flyway-core\10.10.0\flyway-core-10.10.0.jar;C:\Users\barba\.m2\repository\com\fasterxml\jackson\dataformat\jackson-dataformat-toml\2.17.3\jackson-dataformat-toml-2.17.3.jar;C:\Users\barba\.m2\repository\com\fasterxml\jackson\core\jackson-core\2.17.3\jackson-core-2.17.3.jar;C:\Users\barba\.m2\repository\com\google\code\gson\gson\2.10.1\gson-2.10.1.jar;C:\Users\barba\.m2\repository\org\flywaydb\flyway-database-oracle\10.10.0\flyway-database-oracle-10.10.0.jar;C:\Users\barba\.m2\repository\com\oracle\database\jdbc\ojdbc11\21.9.0.0\ojdbc11-21.9.0.0.jar;C:\Users\barba\.m2\repository\org\springframework\boot\spring-boot-starter-test\3.3.11\spring-boot-starter-test-3.3.11.jar;C:\Users\barba\.m2\repository\org\springframework\boot\spring-boot-test\3.3.11\spring-boot-test-3.3.11.jar;C:\Users\barba\.m2\repository\org\springframework\boot\spring-boot-test-autoconfigure\3.3.11\spring-boot-test-autoconfigure-3.3.11.jar;C:\Users\barba\.m2\repository\com\jayway\jsonpath\json-path\2.9.0\json-path-2.9.0.jar;C:\Users\barba\.m2\repository\jakarta\xml\bind\jakarta.xml.bind-api\4.0.2\jakarta.xml.bind-api-4.0.2.jar;C:\Users\barba\.m2\repository\jakarta\activation\jakarta.activation-api\2.1.3\jakarta.activation-api-2.1.3.jar;C:\Users\barba\.m2\repository\net\minidev\json-smart\2.5.2\json-smart-2.5.2.jar;C:\Users\barba\.m2\repository\net\minidev\accessors-smart\2.5.2\accessors-smart-2.5.2.jar;C:\Users\barba\.m2\repository\org\ow2\asm\asm\9.7.1\asm-9.7.1.jar;C:\Users\barba\.m2\repository\org\assertj\assertj-core\3.25.3\assertj-core-3.25.3.jar;C:\Users\barba\.m2\repository\org\awaitility\awaitility\4.2.2\awaitility-4.2.2.jar;C:\Users\barba\.m2\repository\org\hamcrest\hamcrest\2.2\hamcrest-2.2.jar;C:\Users\barba\.m2\repository\org\junit\jupiter\junit-jupiter\5.10.5\junit-jupiter-5.10.5.jar;C:\Users\barba\.m2\repository\org\junit\jupiter\junit-jupiter-api\5.10.5\junit-jupiter-api-5.10.5.jar;C:\Users\barba\.m2\repository\org\opentest4j\opentest4j\1.3.0\opentest4j-1.3.0.jar;C:\Users\barba\.m2\repository\org\junit\platform\junit-platform-commons\1.10.5\junit-platform-commons-1.10.5.jar;C:\Users\barba\.m2\repository\org\apiguardian\apiguardian-api\1.1.2\apiguardian-api-1.1.2.jar;C:\Users\barba\.m2\repository\org\junit\jupiter\junit-jupiter-params\5.10.5\junit-jupiter-params-5.10.5.jar;C:\Users\barba\.m2\repository\org\junit\jupiter\junit-jupiter-engine\5.10.5\junit-jupiter-engine-5.10.5.jar;C:\Users\barba\.m2\repository\org\junit\platform\junit-platform-engine\1.10.5\junit-platform-engine-1.10.5.jar;C:\Users\barba\.m2\repository\org\mockito\mockito-core\5.11.0\mockito-core-5.11.0.jar;C:\Users\barba\.m2\repository\net\bytebuddy\byte-buddy-agent\1.14.19\byte-buddy-agent-1.14.19.jar;C:\Users\barba\.m2\repository\org\objenesis\objenesis\3.3\objenesis-3.3.jar;C:\Users\barba\.m2\repository\org\mockito\mockito-junit-jupiter\5.11.0\mockito-junit-jupiter-5.11.0.jar;C:\Users\barba\.m2\repository\org\skyscreamer\jsonassert\1.5.3\jsonassert-1.5.3.jar;C:\Users\barba\.m2\repository\com\vaadin\external\google\android-json\0.0.20131108.vaadin1\android-json-0.0.20131108.vaadin1.jar;C:\Users\barba\.m2\repository\org\springframework\spring-core\6.1.19\spring-core-6.1.19.jar;C:\Users\barba\.m2\repository\org\springframework\spring-jcl\6.1.19\spring-jcl-6.1.19.jar;C:\Users\barba\.m2\repository\org\springframework\spring-test\6.1.19\spring-test-6.1.19.jar;C:\Users\barba\.m2\repository\org\xmlunit\xmlunit-core\2.9.1\xmlunit-core-2.9.1.jar;C:\Users\barba\.m2\repository\org\springframework\boot\spring-boot-starter-security\3.3.11\spring-boot-starter-security-3.3.11.jar;C:\Users\barba\.m2\repository\org\springframework\spring-aop\6.1.19\spring-aop-6.1.19.jar;C:\Users\barba\.m2\repository\org\springframework\security\spring-security-config\6.3.9\spring-security-config-6.3.9.jar;C:\Users\barba\.m2\repository\org\springframework\security\spring-security-core\6.3.9\spring-security-core-6.3.9.jar;C:\Users\barba\.m2\repository\org\springframework\security\spring-security-crypto\6.3.9\spring-security-crypto-6.3.9.jar;C:\Users\barba\.m2\repository\org\springframework\security\spring-security-web\6.3.9\spring-security-web-6.3.9.jar;C:\Users\barba\.m2\repository\org\projectlombok\lombok\1.18.38\lombok-1.18.38.jar;C:\Users\barba\.m2\repository\com\auth0\java-jwt\4.4.0\java-jwt-4.4.0.jar;C:\Users\barba\.m2\repository\com\fasterxml\jackson\core\jackson-databind\2.17.3\jackson-databind-2.17.3.jar;C:\Users\barba\.m2\repository\com\fasterxml\jackson\core\jackson-annotations\2.17.3\jackson-annotations-2.17.3.jar;"/>
    <property name="java.vm.vendor" value="Oracle Corporation"/>
    <property name="sun.arch.data.model" value="64"/>
    <property name="user.variant" value=""/>
    <property name="java.vendor.url" value="https://java.oracle.com/"/>
    <property name="user.timezone" value="America/Sao_Paulo"/>
    <property name="org.jboss.logging.provider" value="slf4j"/>
    <property name="os.name" value="Windows 11"/>
    <property name="java.vm.specification.version" value="24"/>
    <property name="sun.java.launcher" value="SUN_STANDARD"/>
    <property name="user.country" value="BR"/>
    <property name="sun.boot.library.path" value="C:\Program Files\Java\jdk-24\bin"/>
    <property name="sun.java.command" value="C:\Users\barba\AppData\Local\Temp\surefire9913152871108871895\surefirebooter-20250513204419183_3.jar C:\Users\barba\AppData\Local\Temp\surefire9913152871108871895 2025-05-13T20-44-17_179-jvmRun1 surefire-20250513204419183_1tmp surefire_0-20250513204419183_2tmp"/>
    <property name="jdk.debug" value="release"/>
    <property name="surefire.test.class.path" value="C:\Users\barba\OneDrive\Documents\GitHub\energy-monitor\target\test-classes;C:\Users\barba\OneDrive\Documents\GitHub\energy-monitor\target\classes;C:\Users\barba\.m2\repository\org\springframework\boot\spring-boot-starter-data-jpa\3.3.11\spring-boot-starter-data-jpa-3.3.11.jar;C:\Users\barba\.m2\repository\org\springframework\boot\spring-boot-starter-aop\3.3.11\spring-boot-starter-aop-3.3.11.jar;C:\Users\barba\.m2\repository\org\aspectj\aspectjweaver\1.9.24\aspectjweaver-1.9.24.jar;C:\Users\barba\.m2\repository\org\springframework\boot\spring-boot-starter-jdbc\3.3.11\spring-boot-starter-jdbc-3.3.11.jar;C:\Users\barba\.m2\repository\com\zaxxer\HikariCP\5.1.0\HikariCP-5.1.0.jar;C:\Users\barba\.m2\repository\org\springframework\spring-jdbc\6.1.19\spring-jdbc-6.1.19.jar;C:\Users\barba\.m2\repository\org\hibernate\orm\hibernate-core\6.5.3.Final\hibernate-core-6.5.3.Final.jar;C:\Users\barba\.m2\repository\jakarta\persistence\jakarta.persistence-api\3.1.0\jakarta.persistence-api-3.1.0.jar;C:\Users\barba\.m2\repository\jakarta\transaction\jakarta.transaction-api\2.0.1\jakarta.transaction-api-2.0.1.jar;C:\Users\barba\.m2\repository\org\jboss\logging\jboss-logging\3.5.3.Final\jboss-logging-3.5.3.Final.jar;C:\Users\barba\.m2\repository\org\hibernate\common\hibernate-commons-annotations\6.0.6.Final\hibernate-commons-annotations-6.0.6.Final.jar;C:\Users\barba\.m2\repository\io\smallrye\jandex\3.1.2\jandex-3.1.2.jar;C:\Users\barba\.m2\repository\com\fasterxml\classmate\1.7.0\classmate-1.7.0.jar;C:\Users\barba\.m2\repository\net\bytebuddy\byte-buddy\1.14.19\byte-buddy-1.14.19.jar;C:\Users\barba\.m2\repository\org\glassfish\jaxb\jaxb-runtime\4.0.5\jaxb-runtime-4.0.5.jar;C:\Users\barba\.m2\repository\org\glassfish\jaxb\jaxb-core\4.0.5\jaxb-core-4.0.5.jar;C:\Users\barba\.m2\repository\org\eclipse\angus\angus-activation\2.0.2\angus-activation-2.0.2.jar;C:\Users\barba\.m2\repository\org\glassfish\jaxb\txw2\4.0.5\txw2-4.0.5.jar;C:\Users\barba\.m2\repository\com\sun\istack\istack-commons-runtime\4.1.2\istack-commons-runtime-4.1.2.jar;C:\Users\barba\.m2\repository\jakarta\inject\jakarta.inject-api\2.0.1\jakarta.inject-api-2.0.1.jar;C:\Users\barba\.m2\repository\org\antlr\antlr4-runtime\4.13.0\antlr4-runtime-4.13.0.jar;C:\Users\barba\.m2\repository\org\springframework\data\spring-data-jpa\3.3.11\spring-data-jpa-3.3.11.jar;C:\Users\barba\.m2\repository\org\springframework\data\spring-data-commons\3.3.11\spring-data-commons-3.3.11.jar;C:\Users\barba\.m2\repository\org\springframework\spring-orm\6.1.19\spring-orm-6.1.19.jar;C:\Users\barba\.m2\repository\org\springframework\spring-context\6.1.19\spring-context-6.1.19.jar;C:\Users\barba\.m2\repository\org\springframework\spring-tx\6.1.19\spring-tx-6.1.19.jar;C:\Users\barba\.m2\repository\org\springframework\spring-beans\6.1.19\spring-beans-6.1.19.jar;C:\Users\barba\.m2\repository\jakarta\annotation\jakarta.annotation-api\2.1.1\jakarta.annotation-api-2.1.1.jar;C:\Users\barba\.m2\repository\org\slf4j\slf4j-api\2.0.17\slf4j-api-2.0.17.jar;C:\Users\barba\.m2\repository\org\springframework\spring-aspects\6.1.19\spring-aspects-6.1.19.jar;C:\Users\barba\.m2\repository\org\springframework\boot\spring-boot-starter-validation\3.3.11\spring-boot-starter-validation-3.3.11.jar;C:\Users\barba\.m2\repository\org\springframework\boot\spring-boot-starter\3.3.11\spring-boot-starter-3.3.11.jar;C:\Users\barba\.m2\repository\org\springframework\boot\spring-boot\3.3.11\spring-boot-3.3.11.jar;C:\Users\barba\.m2\repository\org\springframework\boot\spring-boot-autoconfigure\3.3.11\spring-boot-autoconfigure-3.3.11.jar;C:\Users\barba\.m2\repository\org\springframework\boot\spring-boot-starter-logging\3.3.11\spring-boot-starter-logging-3.3.11.jar;C:\Users\barba\.m2\repository\ch\qos\logback\logback-classic\1.5.18\logback-classic-1.5.18.jar;C:\Users\barba\.m2\repository\ch\qos\logback\logback-core\1.5.18\logback-core-1.5.18.jar;C:\Users\barba\.m2\repository\org\apache\logging\log4j\log4j-to-slf4j\2.23.1\log4j-to-slf4j-2.23.1.jar;C:\Users\barba\.m2\repository\org\apache\logging\log4j\log4j-api\2.23.1\log4j-api-2.23.1.jar;C:\Users\barba\.m2\repository\org\slf4j\jul-to-slf4j\2.0.17\jul-to-slf4j-2.0.17.jar;C:\Users\barba\.m2\repository\org\yaml\snakeyaml\2.2\snakeyaml-2.2.jar;C:\Users\barba\.m2\repository\org\apache\tomcat\embed\tomcat-embed-el\10.1.40\tomcat-embed-el-10.1.40.jar;C:\Users\barba\.m2\repository\org\hibernate\validator\hibernate-validator\8.0.2.Final\hibernate-validator-8.0.2.Final.jar;C:\Users\barba\.m2\repository\jakarta\validation\jakarta.validation-api\3.0.2\jakarta.validation-api-3.0.2.jar;C:\Users\barba\.m2\repository\org\springframework\boot\spring-boot-starter-web\3.3.11\spring-boot-starter-web-3.3.11.jar;C:\Users\barba\.m2\repository\org\springframework\boot\spring-boot-starter-json\3.3.11\spring-boot-starter-json-3.3.11.jar;C:\Users\barba\.m2\repository\com\fasterxml\jackson\datatype\jackson-datatype-jdk8\2.17.3\jackson-datatype-jdk8-2.17.3.jar;C:\Users\barba\.m2\repository\com\fasterxml\jackson\datatype\jackson-datatype-jsr310\2.17.3\jackson-datatype-jsr310-2.17.3.jar;C:\Users\barba\.m2\repository\com\fasterxml\jackson\module\jackson-module-parameter-names\2.17.3\jackson-module-parameter-names-2.17.3.jar;C:\Users\barba\.m2\repository\org\springframework\boot\spring-boot-starter-tomcat\3.3.11\spring-boot-starter-tomcat-3.3.11.jar;C:\Users\barba\.m2\repository\org\apache\tomcat\embed\tomcat-embed-core\10.1.40\tomcat-embed-core-10.1.40.jar;C:\Users\barba\.m2\repository\org\apache\tomcat\embed\tomcat-embed-websocket\10.1.40\tomcat-embed-websocket-10.1.40.jar;C:\Users\barba\.m2\repository\org\springframework\spring-web\6.1.19\spring-web-6.1.19.jar;C:\Users\barba\.m2\repository\io\micrometer\micrometer-observation\1.13.13\micrometer-observation-1.13.13.jar;C:\Users\barba\.m2\repository\io\micrometer\micrometer-commons\1.13.13\micrometer-commons-1.13.13.jar;C:\Users\barba\.m2\repository\org\springframework\spring-webmvc\6.1.19\spring-webmvc-6.1.19.jar;C:\Users\barba\.m2\repository\org\springframework\spring-expression\6.1.19\spring-expression-6.1.19.jar;C:\Users\barba\.m2\repository\org\flywaydb\flyway-core\10.10.0\flyway-core-10.10.0.jar;C:\Users\barba\.m2\repository\com\fasterxml\jackson\dataformat\jackson-dataformat-toml\2.17.3\jackson-dataformat-toml-2.17.3.jar;C:\Users\barba\.m2\repository\com\fasterxml\jackson\core\jackson-core\2.17.3\jackson-core-2.17.3.jar;C:\Users\barba\.m2\repository\com\google\code\gson\gson\2.10.1\gson-2.10.1.jar;C:\Users\barba\.m2\repository\org\flywaydb\flyway-database-oracle\10.10.0\flyway-database-oracle-10.10.0.jar;C:\Users\barba\.m2\repository\com\oracle\database\jdbc\ojdbc11\21.9.0.0\ojdbc11-21.9.0.0.jar;C:\Users\barba\.m2\repository\org\springframework\boot\spring-boot-starter-test\3.3.11\spring-boot-starter-test-3.3.11.jar;C:\Users\barba\.m2\repository\org\springframework\boot\spring-boot-test\3.3.11\spring-boot-test-3.3.11.jar;C:\Users\barba\.m2\repository\org\springframework\boot\spring-boot-test-autoconfigure\3.3.11\spring-boot-test-autoconfigure-3.3.11.jar;C:\Users\barba\.m2\repository\com\jayway\jsonpath\json-path\2.9.0\json-path-2.9.0.jar;C:\Users\barba\.m2\repository\jakarta\xml\bind\jakarta.xml.bind-api\4.0.2\jakarta.xml.bind-api-4.0.2.jar;C:\Users\barba\.m2\repository\jakarta\activation\jakarta.activation-api\2.1.3\jakarta.activation-api-2.1.3.jar;C:\Users\barba\.m2\repository\net\minidev\json-smart\2.5.2\json-smart-2.5.2.jar;C:\Users\barba\.m2\repository\net\minidev\accessors-smart\2.5.2\accessors-smart-2.5.2.jar;C:\Users\barba\.m2\repository\org\ow2\asm\asm\9.7.1\asm-9.7.1.jar;C:\Users\barba\.m2\repository\org\assertj\assertj-core\3.25.3\assertj-core-3.25.3.jar;C:\Users\barba\.m2\repository\org\awaitility\awaitility\4.2.2\awaitility-4.2.2.jar;C:\Users\barba\.m2\repository\org\hamcrest\hamcrest\2.2\hamcrest-2.2.jar;C:\Users\barba\.m2\repository\org\junit\jupiter\junit-jupiter\5.10.5\junit-jupiter-5.10.5.jar;C:\Users\barba\.m2\repository\org\junit\jupiter\junit-jupiter-api\5.10.5\junit-jupiter-api-5.10.5.jar;C:\Users\barba\.m2\repository\org\opentest4j\opentest4j\1.3.0\opentest4j-1.3.0.jar;C:\Users\barba\.m2\repository\org\junit\platform\junit-platform-commons\1.10.5\junit-platform-commons-1.10.5.jar;C:\Users\barba\.m2\repository\org\apiguardian\apiguardian-api\1.1.2\apiguardian-api-1.1.2.jar;C:\Users\barba\.m2\repository\org\junit\jupiter\junit-jupiter-params\5.10.5\junit-jupiter-params-5.10.5.jar;C:\Users\barba\.m2\repository\org\junit\jupiter\junit-jupiter-engine\5.10.5\junit-jupiter-engine-5.10.5.jar;C:\Users\barba\.m2\repository\org\junit\platform\junit-platform-engine\1.10.5\junit-platform-engine-1.10.5.jar;C:\Users\barba\.m2\repository\org\mockito\mockito-core\5.11.0\mockito-core-5.11.0.jar;C:\Users\barba\.m2\repository\net\bytebuddy\byte-buddy-agent\1.14.19\byte-buddy-agent-1.14.19.jar;C:\Users\barba\.m2\repository\org\objenesis\objenesis\3.3\objenesis-3.3.jar;C:\Users\barba\.m2\repository\org\mockito\mockito-junit-jupiter\5.11.0\mockito-junit-jupiter-5.11.0.jar;C:\Users\barba\.m2\repository\org\skyscreamer\jsonassert\1.5.3\jsonassert-1.5.3.jar;C:\Users\barba\.m2\repository\com\vaadin\external\google\android-json\0.0.20131108.vaadin1\android-json-0.0.20131108.vaadin1.jar;C:\Users\barba\.m2\repository\org\springframework\spring-core\6.1.19\spring-core-6.1.19.jar;C:\Users\barba\.m2\repository\org\springframework\spring-jcl\6.1.19\spring-jcl-6.1.19.jar;C:\Users\barba\.m2\repository\org\springframework\spring-test\6.1.19\spring-test-6.1.19.jar;C:\Users\barba\.m2\repository\org\xmlunit\xmlunit-core\2.9.1\xmlunit-core-2.9.1.jar;C:\Users\barba\.m2\repository\org\springframework\boot\spring-boot-starter-security\3.3.11\spring-boot-starter-security-3.3.11.jar;C:\Users\barba\.m2\repository\org\springframework\spring-aop\6.1.19\spring-aop-6.1.19.jar;C:\Users\barba\.m2\repository\org\springframework\security\spring-security-config\6.3.9\spring-security-config-6.3.9.jar;C:\Users\barba\.m2\repository\org\springframework\security\spring-security-core\6.3.9\spring-security-core-6.3.9.jar;C:\Users\barba\.m2\repository\org\springframework\security\spring-security-crypto\6.3.9\spring-security-crypto-6.3.9.jar;C:\Users\barba\.m2\repository\org\springframework\security\spring-security-web\6.3.9\spring-security-web-6.3.9.jar;C:\Users\barba\.m2\repository\org\projectlombok\lombok\1.18.38\lombok-1.18.38.jar;C:\Users\barba\.m2\repository\com\auth0\java-jwt\4.4.0\java-jwt-4.4.0.jar;C:\Users\barba\.m2\repository\com\fasterxml\jackson\core\jackson-databind\2.17.3\jackson-databind-2.17.3.jar;C:\Users\barba\.m2\repository\com\fasterxml\jackson\core\jackson-annotations\2.17.3\jackson-annotations-2.17.3.jar;"/>
    <property name="sun.cpu.endian" value="little"/>
    <property name="user.home" value="C:\Users\barba"/>
    <property name="user.language" value="pt"/>
    <property name="java.specification.vendor" value="Oracle Corporation"/>
    <property name="java.version.date" value="2025-04-15"/>
    <property name="java.home" value="C:\Program Files\Java\jdk-24"/>
    <property name="file.separator" value="\"/>
    <property name="basedir" value="C:\Users\barba\OneDrive\Documents\GitHub\energy-monitor"/>
    <property name="java.vm.compressedOopsMode" value="Zero based"/>
    <property name="line.separator" value="&#10;"/>
    <property name="java.vm.specification.vendor" value="Oracle Corporation"/>
    <property name="java.specification.name" value="Java Platform API Specification"/>
    <property name="FILE_LOG_CHARSET" value="UTF-8"/>
    <property name="java.awt.headless" value="true"/>
    <property name="surefire.real.class.path" value="C:\Users\barba\AppData\Local\Temp\surefire9913152871108871895\surefirebooter-20250513204419183_3.jar"/>
    <property name="user.script" value=""/>
    <property name="sun.management.compiler" value="HotSpot 64-Bit Tiered Compilers"/>
    <property name="java.runtime.version" value="24.0.1+9-30"/>
    <property name="user.name" value="barba"/>
    <property name="stdout.encoding" value="Cp1252"/>
    <property name="path.separator" value=";"/>
    <property name="os.version" value="10.0"/>
    <property name="java.runtime.name" value="Java(TM) SE Runtime Environment"/>
    <property name="file.encoding" value="UTF-8"/>
    <property name="java.vm.name" value="Java HotSpot(TM) 64-Bit Server VM"/>
    <property name="localRepository" value="C:\Users\barba\.m2\repository"/>
    <property name="java.vendor.url.bug" value="https://bugreport.java.com/bugreport/"/>
    <property name="java.io.tmpdir" value="C:\Users\barba\AppData\Local\Temp\"/>
    <property name="com.zaxxer.hikari.pool_number" value="1"/>
    <property name="java.version" value="24.0.1"/>
    <property name="user.dir" value="C:\Users\barba\OneDrive\Documents\GitHub\energy-monitor"/>
    <property name="os.arch" value="amd64"/>
    <property name="java.vm.specification.name" value="Java Virtual Machine Specification"/>
    <property name="PID" value="7872"/>
    <property name="sun.os.patch.level" value=""/>
    <property name="CONSOLE_LOG_CHARSET" value="UTF-8"/>
    <property name="native.encoding" value="Cp1252"/>
    <property name="java.library.path" value="C:\Program Files\Java\jdk-24\bin;C:\Windows\Sun\Java\bin;C:\Windows\system32;C:\Windows;C:\Program Files\Common Files\Oracle\Java\javapath;C:\Program Files (x86)\Common Files\Oracle\Java\java8path;C:\Program Files (x86)\Common Files\Oracle\Java\javapath;C:\Windows\system32;C:\Windows;C:\Windows\System32\Wbem;C:\Windows\System32\WindowsPowerShell\v1.0\;C:\Windows\System32\OpenSSH\;C:\Program Files\nodejs\;C:\Program Files\Git\cmd;C:\Program Files\Docker\Docker\resources\bin;C:\Users\barba\Downloads\apache-maven-3.9.9-bin\apache-maven-3.9.9\bin;C:\Users\barba\OneDrive\Documents\codigos\apache-maven-3.9.9\bin;C:\Program Files\Java\jdk-24\bin;C:\Users\barba\AppData\Local\Microsoft\WindowsApps;C:\Users\barba\AppData\Roaming\npm;C:\Users\barba\AppData\Local\Programs\Microsoft VS Code\bin;C:\Users\barba\AppData\Local\GitHubDesktop\bin;C:\Users\barba\AppData\Local\Google\Cloud SDK\google-cloud-sdk\bin;."/>
    <property name="java.vm.info" value="mixed mode, sharing"/>
    <property name="stderr.encoding" value="Cp1252"/>
    <property name="java.vendor" value="Oracle Corporation"/>
    <property name="java.vm.version" value="24.0.1+9-30"/>
    <property name="sun.io.unicode.encoding" value="UnicodeLittle"/>
    <property name="java.class.version" value="68.0"/>
    <property name="LOGGED_APPLICATION_NAME" value="[EnergyMonitor] "/>
  </properties>
  <testcase name="contextLoads" classname="br.com.fiap.EnergyMonitor.EnergyMonitorApplicationTests" time="0.322">
    <system-out><![CDATA[20:44:19.944 [main] INFO org.springframework.test.context.support.AnnotationConfigContextLoaderUtils -- Could not detect default configuration classes for test class [br.com.fiap.EnergyMonitor.EnergyMonitorApplicationTests]: EnergyMonitorApplicationTests does not declare any static, non-private, non-final, nested classes annotated with @Configuration.
20:44:20.063 [main] INFO org.springframework.boot.test.context.SpringBootTestContextBootstrapper -- Found @SpringBootConfiguration br.com.fiap.EnergyMonitor.EnergyMonitorApplication for test class br.com.fiap.EnergyMonitor.EnergyMonitorApplicationTests

  .   ____          _            __ _ _
 /\\ / ___'_ __ _ _(_)_ __  __ _ \ \ \ \
( ( )\___ | '_ | '_| | '_ \/ _` | \ \ \ \
 \\/  ___)| |_)| | | | | || (_| |  ) ) ) )
  '  |____| .__|_| |_|_| |_\__, | / / / /
 =========|_|==============|___/=/_/_/_/

 :: Spring Boot ::               (v3.3.11)

2025-05-13T20:44:20.505-03:00  INFO 7872 --- [EnergyMonitor] [           main] b.c.f.E.EnergyMonitorApplicationTests    : Starting EnergyMonitorApplicationTests using Java 24.0.1 with PID 7872 (started by barba in C:\Users\barba\OneDrive\Documents\GitHub\energy-monitor)
2025-05-13T20:44:20.508-03:00  INFO 7872 --- [EnergyMonitor] [           main] b.c.f.E.EnergyMonitorApplicationTests    : No active profile set, falling back to 1 default profile: "default"
2025-05-13T20:44:21.448-03:00  INFO 7872 --- [EnergyMonitor] [           main] .s.d.r.c.RepositoryConfigurationDelegate : Bootstrapping Spring Data JPA repositories in DEFAULT mode.
2025-05-13T20:44:21.540-03:00  INFO 7872 --- [EnergyMonitor] [           main] .s.d.r.c.RepositoryConfigurationDelegate : Finished Spring Data repository scanning in 80 ms. Found 4 JPA repository interfaces.
2025-05-13T20:44:22.403-03:00  INFO 7872 --- [EnergyMonitor] [           main] com.zaxxer.hikari.HikariDataSource       : HikariPool-1 - Starting...
2025-05-13T20:44:24.303-03:00  INFO 7872 --- [EnergyMonitor] [           main] com.zaxxer.hikari.pool.HikariPool        : HikariPool-1 - Added connection oracle.jdbc.driver.T4CConnection@370c9018
2025-05-13T20:44:24.304-03:00  INFO 7872 --- [EnergyMonitor] [           main] com.zaxxer.hikari.HikariDataSource       : HikariPool-1 - Start completed.
2025-05-13T20:44:24.314-03:00  INFO 7872 --- [EnergyMonitor] [           main] org.flywaydb.core.FlywayExecutor         : Database: jdbc:oracle:thin:@oracle.fiap.com.br:1521:ORCL (Oracle 19.0)
2025-05-13T20:44:24.744-03:00  INFO 7872 --- [EnergyMonitor] [           main] o.f.core.internal.command.DbValidate     : Successfully validated 4 migrations (execution time 00:00.104s)
2025-05-13T20:44:25.535-03:00  INFO 7872 --- [EnergyMonitor] [           main] o.f.core.internal.command.DbMigrate      : Current version of schema "RM556345": 4
2025-05-13T20:44:25.535-03:00  WARN 7872 --- [EnergyMonitor] [           main] o.f.core.internal.command.DbMigrate      : Schema "RM556345" has a version (4) that is newer than the latest available migration (1) !
2025-05-13T20:44:25.569-03:00  INFO 7872 --- [EnergyMonitor] [           main] o.f.core.internal.command.DbMigrate      : Schema "RM556345" is up to date. No migration necessary.
2025-05-13T20:44:25.779-03:00  INFO 7872 --- [EnergyMonitor] [           main] o.hibernate.jpa.internal.util.LogHelper  : HHH000204: Processing PersistenceUnitInfo [name: default]
2025-05-13T20:44:25.865-03:00  INFO 7872 --- [EnergyMonitor] [           main] org.hibernate.Version                    : HHH000412: Hibernate ORM core version 6.5.3.Final
2025-05-13T20:44:25.898-03:00  INFO 7872 --- [EnergyMonitor] [           main] o.h.c.internal.RegionFactoryInitiator    : HHH000026: Second-level cache disabled
2025-05-13T20:44:26.159-03:00  INFO 7872 --- [EnergyMonitor] [           main] o.s.o.j.p.SpringPersistenceUnitInfo      : No LoadTimeWeaver setup: ignoring JPA class transformer
2025-05-13T20:44:27.350-03:00  INFO 7872 --- [EnergyMonitor] [           main] o.h.e.t.j.p.i.JtaPlatformInitiator       : HHH000489: No JTA platform available (set 'hibernate.transaction.jta.platform' to enable JTA platform integration)
2025-05-13T20:44:49.160-03:00  INFO 7872 --- [EnergyMonitor] [           main] j.LocalContainerEntityManagerFactoryBean : Initialized JPA EntityManagerFactory for persistence unit 'default'
2025-05-13T20:44:49.450-03:00  INFO 7872 --- [EnergyMonitor] [           main] tionInformation$PropertyDescriptorSource : Couldn't read class metadata for interface java.io.Serializable. Input property calculation might fail
2025-05-13T20:44:49.556-03:00  INFO 7872 --- [EnergyMonitor] [           main] r$InitializeUserDetailsManagerConfigurer : Global AuthenticationManager configured with UserDetailsService bean with name authorizationService
2025-05-13T20:44:49.654-03:00  WARN 7872 --- [EnergyMonitor] [           main] JpaBaseConfiguration$JpaWebConfiguration : spring.jpa.open-in-view is enabled by default. Therefore, database queries may be performed during view rendering. Explicitly configure spring.jpa.open-in-view to disable this warning
2025-05-13T20:44:50.380-03:00  INFO 7872 --- [EnergyMonitor] [           main] b.c.f.E.EnergyMonitorApplicationTests    : Started EnergyMonitorApplicationTests in 30.17 seconds (process running for 31.107)
]]></system-out>
    <system-err><![CDATA[WARNING: A Java agent has been loaded dynamically (C:\Users\barba\.m2\repository\net\bytebuddy\byte-buddy-agent\1.14.19\byte-buddy-agent-1.14.19.jar)
WARNING: If a serviceability tool is in use, please run with -XX:+EnableDynamicAgentLoading to hide this warning
WARNING: If a serviceability tool is not in use, please run with -Djdk.instrument.traceUsage for more information
WARNING: Dynamic loading of agents will be disallowed by default in a future release
]]></system-err>
  </testcase>
</testsuite>